  source.cpp
C:\Users\cemaslan\Desktop\yacube\YaCube_Submit\YaCube\SampleOpenGLProject\OpenGL\include\glui.h(868): warning C4244: 'argument': conversion from 'double' to 'GLfloat', possible loss of data
c:\users\cemaslan\desktop\yacube\yacube_submit\yacube\sampleopenglproject\Angel.h(63): warning C4305: 'initializing': truncation from 'double' to 'GLfloat'
c:\users\cemaslan\desktop\yacube\yacube_submit\yacube\sampleopenglproject\mat.h(707): warning C4244: '=': conversion from 'double' to 'GLfloat', possible loss of data
c:\users\cemaslan\desktop\yacube\yacube_submit\yacube\sampleopenglproject\mat.h(708): warning C4244: '=': conversion from 'double' to 'GLfloat', possible loss of data
c:\users\cemaslan\desktop\yacube\yacube_submit\yacube\sampleopenglproject\mat.h(709): warning C4244: '=': conversion from 'double' to 'GLfloat', possible loss of data
c:\users\cemaslan\desktop\yacube\yacube_submit\yacube\sampleopenglproject\mat.h(730): warning C4244: '=': conversion from 'double' to 'GLfloat', possible loss of data
c:\users\cemaslan\desktop\yacube\yacube_submit\yacube\sampleopenglproject\mat.h(732): warning C4244: '=': conversion from 'double' to 'GLfloat', possible loss of data
c:\users\cemaslan\desktop\yacube\yacube_submit\yacube\sampleopenglproject\mat.h(735): warning C4244: '=': conversion from 'double' to 'GLfloat', possible loss of data
c:\users\cemaslan\desktop\yacube\yacube_submit\yacube\sampleopenglproject\mat.h(752): warning C4244: '=': conversion from 'double' to 'GLfloat', possible loss of data
source.cpp(27): warning C4244: 'initializing': conversion from 'double' to 'float', possible loss of data
source.cpp(30): warning C4244: 'argument': conversion from 'int' to 'GLfloat', possible loss of data
source.cpp(65): warning C4838: conversion from 'double' to 'float' requires a narrowing conversion
source.cpp(65): warning C4305: 'initializing': truncation from 'double' to 'float'
source.cpp(66): warning C4838: conversion from 'double' to 'float' requires a narrowing conversion
source.cpp(66): warning C4305: 'initializing': truncation from 'double' to 'float'
source.cpp(130): warning C4305: 'argument': truncation from 'double' to 'GLfloat'
source.cpp(203): warning C4305: 'initializing': truncation from 'double' to 'float'
source.cpp(207): warning C4305: 'argument': truncation from 'double' to 'GLfloat'
source.cpp(209): warning C4305: 'initializing': truncation from 'double' to 'float'
source.cpp(212): warning C4305: 'initializing': truncation from 'double' to 'float'
source.cpp(232): warning C4305: 'initializing': truncation from 'double' to 'GLfloat'
source.cpp(233): warning C4305: 'initializing': truncation from 'double' to 'GLfloat'
source.cpp(235): warning C4305: 'initializing': truncation from 'double' to 'GLfloat'
source.cpp(249): warning C4305: 'initializing': truncation from 'double' to 'GLfloat'
source.cpp(291): warning C4244: 'argument': conversion from 'int' to 'GLfloat', possible loss of data
source.cpp(291): warning C4305: 'argument': truncation from 'double' to 'GLfloat'
source.cpp(292): warning C4244: 'argument': conversion from 'int' to 'GLfloat', possible loss of data
source.cpp(293): warning C4244: 'argument': conversion from 'int' to 'GLfloat', possible loss of data
source.cpp(294): warning C4244: 'argument': conversion from 'int' to 'GLfloat', possible loss of data
source.cpp(294): warning C4305: 'argument': truncation from 'double' to 'GLfloat'
source.cpp(295): warning C4244: 'argument': conversion from 'int' to 'GLfloat', possible loss of data
source.cpp(295): warning C4305: 'argument': truncation from 'double' to 'GLfloat'
source.cpp(296): warning C4244: 'argument': conversion from 'int' to 'GLfloat', possible loss of data
source.cpp(297): warning C4244: 'argument': conversion from 'int' to 'GLfloat', possible loss of data
source.cpp(298): warning C4244: 'argument': conversion from 'int' to 'GLfloat', possible loss of data
source.cpp(298): warning C4305: 'argument': truncation from 'double' to 'GLfloat'
source.cpp(307): warning C4244: '=': conversion from 'double' to 'float', possible loss of data
source.cpp(478): warning C4305: 'initializing': truncation from 'double' to 'float'
source.cpp(496): warning C4244: 'argument': conversion from 'int' to 'const GLfloat', possible loss of data
source.cpp(575): warning C4018: '>': signed/unsigned mismatch
source.cpp(584): warning C4018: '>=': signed/unsigned mismatch
source.cpp(584): warning C4018: '<': signed/unsigned mismatch
source.cpp(591): warning C4018: '>': signed/unsigned mismatch
source.cpp(600): warning C4244: '-=': conversion from 'double' to 'float', possible loss of data
source.cpp(642): warning C4305: 'argument': truncation from 'double' to 'float'
source.cpp(642): warning C4244: 'argument': conversion from 'double' to 'GLfloat', possible loss of data
source.cpp(644): warning C4305: 'argument': truncation from 'double' to 'float'
source.cpp(644): warning C4244: 'argument': conversion from 'double' to 'GLfloat', possible loss of data
source.cpp(646): warning C4305: 'argument': truncation from 'double' to 'float'
source.cpp(646): warning C4244: 'argument': conversion from 'double' to 'GLfloat', possible loss of data
source.cpp(648): warning C4305: 'argument': truncation from 'double' to 'float'
source.cpp(648): warning C4244: 'argument': conversion from 'double' to 'GLfloat', possible loss of data
source.cpp(650): warning C4305: 'argument': truncation from 'double' to 'float'
source.cpp(650): warning C4244: 'argument': conversion from 'double' to 'GLfloat', possible loss of data
source.cpp(652): warning C4305: 'argument': truncation from 'double' to 'float'
source.cpp(652): warning C4244: 'argument': conversion from 'double' to 'GLfloat', possible loss of data
source.cpp(929): warning C4244: '+=': conversion from 'double' to 'float', possible loss of data
source.cpp(930): warning C4244: '+=': conversion from 'double' to 'float', possible loss of data
source.cpp(1084): warning C4305: 'initializing': truncation from 'double' to 'float'
source.cpp(1087): warning C4305: '=': truncation from 'double' to 'float'
source.cpp(1091): warning C4305: '=': truncation from 'double' to 'float'
source.cpp(1151): warning C4305: 'argument': truncation from 'double' to 'GLfloat'
source.cpp(1152): warning C4305: 'argument': truncation from 'double' to 'GLfloat'
source.cpp(1154): warning C4305: 'argument': truncation from 'double' to 'const float'
source.cpp(1154): warning C4305: 'argument': truncation from 'double' to 'GLfloat'
source.cpp(1184): warning C4244: 'initializing': conversion from 'float' to 'int', possible loss of data
source.cpp(1192): warning C4244: 'argument': conversion from 'double' to 'GLfloat', possible loss of data
source.cpp(1193): warning C4244: 'argument': conversion from 'double' to 'GLfloat', possible loss of data
source.cpp(1194): warning C4244: 'argument': conversion from 'double' to 'GLfloat', possible loss of data
source.cpp(1195): warning C4244: 'argument': conversion from 'double' to 'GLfloat', possible loss of data
source.cpp(1267): warning C4244: 'argument': conversion from 'double' to 'GLfloat', possible loss of data
source.cpp(1449): warning C4244: '-=': conversion from 'double' to 'float', possible loss of data
source.cpp(1450): warning C4244: '+=': conversion from 'double' to 'float', possible loss of data
source.cpp(1465): warning C4244: '+=': conversion from 'double' to 'float', possible loss of data
source.cpp(1466): warning C4244: '+=': conversion from 'double' to 'float', possible loss of data
source.cpp(1537): warning C4244: '-=': conversion from 'double' to 'float', possible loss of data
source.cpp(1540): warning C4305: '=': truncation from 'double' to 'float'
source.cpp(1551): warning C4244: '-=': conversion from 'double' to 'float', possible loss of data
source.cpp(1559): warning C4244: '+=': conversion from 'double' to 'float', possible loss of data
source.cpp(1579): warning C4305: '=': truncation from 'double' to 'float'
source.cpp(1711): warning C4305: '=': truncation from 'double' to 'float'
source.cpp(1726): warning C4305: 'initializing': truncation from 'double' to 'float'
source.cpp(1742): warning C4244: 'initializing': conversion from 'double' to 'float', possible loss of data
source.cpp(1782): warning C4305: 'initializing': truncation from 'double' to 'float'
source.cpp(1804): warning C4305: 'argument': truncation from 'double' to 'GLfloat'
source.cpp(1814): warning C4244: 'argument': conversion from 'int' to 'GLfloat', possible loss of data
source.cpp(1815): warning C4244: 'argument': conversion from 'int' to 'GLfloat', possible loss of data
source.cpp(1816): warning C4244: 'argument': conversion from 'int' to 'GLfloat', possible loss of data
source.cpp(1817): warning C4244: 'argument': conversion from 'int' to 'GLfloat', possible loss of data
source.cpp(1819): warning C4244: 'argument': conversion from 'float' to 'int', possible loss of data
source.cpp(1871): warning C4244: '+=': conversion from 'double' to 'float', possible loss of data
source.cpp(1875): warning C4244: '=': conversion from 'float' to 'int', possible loss of data
source.cpp(1899): warning C4244: 'argument': conversion from 'GLfloat' to 'int', possible loss of data
source.cpp(2040): warning C4244: 'argument': conversion from 'float' to 'int', possible loss of data
source.cpp(2053): warning C4305: 'argument': truncation from 'double' to 'GLfloat'
source.cpp(2056): warning C4244: 'argument': conversion from 'float' to 'int', possible loss of data
source.cpp(2098): warning C4244: 'argument': conversion from 'double' to 'GLfloat', possible loss of data
source.cpp(2103): warning C4244: 'argument': conversion from 'double' to 'GLfloat', possible loss of data
source.cpp(2109): warning C4244: 'argument': conversion from 'double' to 'GLfloat', possible loss of data
source.cpp(2114): warning C4244: 'argument': conversion from 'double' to 'GLfloat', possible loss of data
source.cpp(2136): warning C4244: 'argument': conversion from 'double' to 'GLfloat', possible loss of data
source.cpp(2142): warning C4244: 'argument': conversion from 'double' to 'GLfloat', possible loss of data
source.cpp(2147): warning C4244: 'argument': conversion from 'double' to 'GLfloat', possible loss of data
source.cpp(2153): warning C4244: 'argument': conversion from 'double' to 'GLfloat', possible loss of data
source.cpp(2240): warning C4305: '=': truncation from 'double' to 'float'
source.cpp(2241): warning C4305: '=': truncation from 'double' to 'float'
source.cpp(2242): warning C4305: '=': truncation from 'double' to 'float'
source.cpp(2264): warning C4244: '=': conversion from 'float' to 'int', possible loss of data
source.cpp(2271): warning C4244: '=': conversion from 'const int' to 'float', possible loss of data
SOIL.lib(SOIL.obj) : warning LNK4075: ignoring '/EDITANDCONTINUE' due to '/OPT:ICF' specification
LINK : warning LNK4098: defaultlib 'MSVCRTD' conflicts with use of other libs; use /NODEFAULTLIB:library
  Generating code
  0 of 607 functions ( 0.0%) were compiled, the rest were copied from previous compilation.
    0 functions were new in current compilation
    11 functions had inline decision re-evaluated but remain unchanged
  Finished generating code
SOIL.lib(image_DXT.obj) : warning LNK4099: PDB 'SOIL.pdb' was not found with 'SOIL.lib(image_DXT.obj)' or at 'C:\Users\cemaslan\Desktop\yacube\YaCube_Submit\YaCube\Release\SOIL.pdb'; linking object as if no debug info
SOIL.lib(image_helper.obj) : warning LNK4099: PDB 'SOIL.pdb' was not found with 'SOIL.lib(image_helper.obj)' or at 'C:\Users\cemaslan\Desktop\yacube\YaCube_Submit\YaCube\Release\SOIL.pdb'; linking object as if no debug info
SOIL.lib(SOIL.obj) : warning LNK4099: PDB 'SOIL.pdb' was not found with 'SOIL.lib(SOIL.obj)' or at 'C:\Users\cemaslan\Desktop\yacube\YaCube_Submit\YaCube\Release\SOIL.pdb'; linking object as if no debug info
SOIL.lib(stb_image_aug.obj) : warning LNK4099: PDB 'SOIL.pdb' was not found with 'SOIL.lib(stb_image_aug.obj)' or at 'C:\Users\cemaslan\Desktop\yacube\YaCube_Submit\YaCube\Release\SOIL.pdb'; linking object as if no debug info
  SampleOpenGLProject.vcxproj -> C:\Users\cemaslan\Desktop\yacube\YaCube_Submit\YaCube\Release\YaCube.exe
  SampleOpenGLProject.vcxproj -> C:\Users\cemaslan\Desktop\yacube\YaCube_Submit\YaCube\Release\YaCube.pdb (Full PDB)
